din_0_rsc_dat=cbd271f7
din_0_rsc_dat=23bdcb33
din_0_rsc_dat=527fab18
din_0_rsc_dat=2dc75fb9
din_0_rsc_dat=79ffc144
din_0_rsc_dat=f991c969
din_0_rsc_dat=4e282f23
din_0_rsc_dat=50b36fdb
din_0_rsc_dat=cfdd31ac
din_0_rsc_dat=208060ae
din_0_rsc_dat=45762716
din_0_rsc_dat=1a5b272a
din_0_rsc_dat=25b8e772
din_0_rsc_dat=3a8ddbe8
din_0_rsc_dat=49977332
din_0_rsc_dat=3d1b9417
din_0_rsc_dat=242638e3
din_0_rsc_dat=c4dc4036
din_0_rsc_dat=395428fe
din_0_rsc_dat=5970d022
dout_0_rsc_dat=cbd271f7
dout_0_rsc_dat=2dc75fb9
dout_0_rsc_dat=79ffc144
din_0_rsc_dat=8bab078a
dout_0_rsc_dat=f991c969
din_0_rsc_dat=2db3d4c
dout_0_rsc_dat=4e282f23
din_0_rsc_dat=4abb8528
dout_0_rsc_dat=50b36fdb
din_0_rsc_dat=249949e1
dout_0_rsc_dat=cfdd31ac
din_0_rsc_dat=bf909dcf
dout_0_rsc_dat=208060ae
din_0_rsc_dat=7255e074
dout_0_rsc_dat=45762716
din_0_rsc_dat=7d4cf124
dout_0_rsc_dat=1a5b272a
din_0_rsc_dat=23c22e91
dout_0_rsc_dat=25b8e772
din_0_rsc_dat=38e606e2
dout_0_rsc_dat=3a8ddbe8
din_0_rsc_dat=96432202
dout_0_rsc_dat=49977332
din_0_rsc_dat=96e5e733
dout_0_rsc_dat=3d1b9417
din_0_rsc_dat=9a36b35e
dout_0_rsc_dat=242638e3
din_0_rsc_dat=81f14c8b
dout_0_rsc_dat=c4dc4036
din_0_rsc_dat=6d28f36d
dout_0_rsc_dat=395428fe
din_0_rsc_dat=dfdd10ee
dout_0_rsc_dat=5970d022
din_0_rsc_dat=146f2d1a
dout_0_rsc_dat=8bab078a
din_0_rsc_dat=b5718763
dout_0_rsc_dat=2db3d4c
din_0_rsc_dat=4f4e0ff3
dout_0_rsc_dat=4abb8528
din_0_rsc_dat=8432e63c
dout_0_rsc_dat=249949e1
din_0_rsc_dat=f3e74345
dout_0_rsc_dat=bf909dcf
din_0_rsc_dat=c333364d
dout_0_rsc_dat=7255e074
din_0_rsc_dat=ab21d2bb
dout_0_rsc_dat=7d4cf124
din_0_rsc_dat=ac3c3f29
dout_0_rsc_dat=23c22e91
din_0_rsc_dat=b8f913
dout_0_rsc_dat=38e606e2
din_0_rsc_dat=2004f3c1
dout_0_rsc_dat=96432202
din_0_rsc_dat=1451e9c7
dout_0_rsc_dat=96e5e733
din_0_rsc_dat=6ab99907
dout_0_rsc_dat=9a36b35e
din_0_rsc_dat=636f6d9f
dout_0_rsc_dat=81f14c8b
din_0_rsc_dat=d6064cb5
dout_0_rsc_dat=6d28f36d
din_0_rsc_dat=fcca5167
dout_0_rsc_dat=dfdd10ee
din_0_rsc_dat=bc3ab9ed
dout_0_rsc_dat=146f2d1a
din_0_rsc_dat=9ccb7ccd
dout_0_rsc_dat=b5718763
din_0_rsc_dat=96042fbd
dout_0_rsc_dat=4f4e0ff3
din_0_rsc_dat=84601429
dout_0_rsc_dat=8432e63c
din_0_rsc_dat=3aff2f2e
dout_0_rsc_dat=f3e74345
din_0_rsc_dat=e903460b
dout_0_rsc_dat=c333364d
din_0_rsc_dat=a135590d
dout_0_rsc_dat=ab21d2bb
din_0_rsc_dat=1eeb5def
dout_0_rsc_dat=ac3c3f29
din_0_rsc_dat=5651d885
dout_0_rsc_dat=b8f913
din_0_rsc_dat=815821a0
dout_0_rsc_dat=2004f3c1
din_0_rsc_dat=95126801
dout_0_rsc_dat=1451e9c7
din_0_rsc_dat=b086e78c
dout_0_rsc_dat=6ab99907
din_0_rsc_dat=fed8d85d
dout_0_rsc_dat=636f6d9f
din_0_rsc_dat=59883a51
dout_0_rsc_dat=d6064cb5
din_0_rsc_dat=357b6466
dout_0_rsc_dat=fcca5167
din_0_rsc_dat=efb150b1
dout_0_rsc_dat=bc3ab9ed
din_0_rsc_dat=a2c732c9
dout_0_rsc_dat=9ccb7ccd
din_0_rsc_dat=4d94f4a7
dout_0_rsc_dat=96042fbd
din_0_rsc_dat=37c4742f
dout_0_rsc_dat=84601429
din_0_rsc_dat=3b541457
dout_0_rsc_dat=3aff2f2e
din_0_rsc_dat=575a80bb
dout_0_rsc_dat=e903460b
din_0_rsc_dat=1eb83ab1
dout_0_rsc_dat=a135590d
din_0_rsc_dat=93663735
dout_0_rsc_dat=1eeb5def
din_0_rsc_dat=e9b1604
dout_0_rsc_dat=5651d885
din_0_rsc_dat=e80611
dout_0_rsc_dat=815821a0
din_0_rsc_dat=936fa99f
dout_0_rsc_dat=95126801
din_0_rsc_dat=f787de01
dout_0_rsc_dat=b086e78c
din_0_rsc_dat=bbecacba
dout_0_rsc_dat=fed8d85d
din_0_rsc_dat=328a9157
dout_0_rsc_dat=59883a51
din_0_rsc_dat=af4daee9
dout_0_rsc_dat=357b6466
din_0_rsc_dat=4bfef3ad
dout_0_rsc_dat=efb150b1
din_0_rsc_dat=7c700208
dout_0_rsc_dat=a2c732c9
din_0_rsc_dat=efb391d0
dout_0_rsc_dat=4d94f4a7
din_0_rsc_dat=128c8557
dout_0_rsc_dat=37c4742f
din_0_rsc_dat=df556de0
dout_0_rsc_dat=3b541457
din_0_rsc_dat=8e3d00ea
dout_0_rsc_dat=575a80bb
din_0_rsc_dat=a5136de1
dout_0_rsc_dat=1eb83ab1
din_0_rsc_dat=4f68f14b
dout_0_rsc_dat=93663735
din_0_rsc_dat=991362b0
dout_0_rsc_dat=e9b1604
din_0_rsc_dat=6fdb0971
dout_0_rsc_dat=e80611
din_0_rsc_dat=59423f71
dout_0_rsc_dat=936fa99f
din_0_rsc_dat=8b94634e
dout_0_rsc_dat=f787de01
din_0_rsc_dat=209dfd2e
dout_0_rsc_dat=bbecacba
din_0_rsc_dat=da62ec7b
dout_0_rsc_dat=328a9157
din_0_rsc_dat=3971b19f
dout_0_rsc_dat=af4daee9
din_0_rsc_dat=51d14369
dout_0_rsc_dat=4bfef3ad
din_0_rsc_dat=e4a083e7
dout_0_rsc_dat=7c700208
din_0_rsc_dat=5b142056
dout_0_rsc_dat=efb391d0
din_0_rsc_dat=9c04caf1
dout_0_rsc_dat=128c8557
din_0_rsc_dat=c365c4
dout_0_rsc_dat=df556de0
din_0_rsc_dat=cfd0682
dout_0_rsc_dat=8e3d00ea
din_0_rsc_dat=67e27c16
dout_0_rsc_dat=a5136de1
din_0_rsc_dat=8960c9a0
dout_0_rsc_dat=4f68f14b
din_0_rsc_dat=b604bdf5
dout_0_rsc_dat=991362b0
din_0_rsc_dat=c2794463
dout_0_rsc_dat=6fdb0971
din_0_rsc_dat=1b077d7c
dout_0_rsc_dat=59423f71
din_0_rsc_dat=481e585f
dout_0_rsc_dat=8b94634e
din_0_rsc_dat=39c49f3c
dout_0_rsc_dat=209dfd2e
din_0_rsc_dat=3f7cdc8
dout_0_rsc_dat=da62ec7b
din_0_rsc_dat=f57ead23
dout_0_rsc_dat=3971b19f
din_0_rsc_dat=f6008554
dout_0_rsc_dat=51d14369
din_0_rsc_dat=2b757366
dout_0_rsc_dat=e4a083e7
din_0_rsc_dat=998cc285
dout_0_rsc_dat=5b142056
din_0_rsc_dat=b64dd325
dout_0_rsc_dat=9c04caf1
din_0_rsc_dat=a893ed69
dout_0_rsc_dat=c365c4
din_0_rsc_dat=e2e01ce8
dout_0_rsc_dat=cfd0682
din_0_rsc_dat=c8c7797a
dout_0_rsc_dat=67e27c16
din_0_rsc_dat=ca2c197b
dout_0_rsc_dat=8960c9a0
din_0_rsc_dat=a8dbc8a0
dout_0_rsc_dat=b604bdf5
din_0_rsc_dat=f66febc1
dout_0_rsc_dat=c2794463
din_0_rsc_dat=e49a1eb1
dout_0_rsc_dat=1b077d7c
din_0_rsc_dat=db8eb1fe
dout_0_rsc_dat=481e585f
din_0_rsc_dat=9154fd0
dout_0_rsc_dat=39c49f3c
din_0_rsc_dat=64ce4b56
dout_0_rsc_dat=3f7cdc8
din_0_rsc_dat=8684c5b8
dout_0_rsc_dat=f57ead23
din_0_rsc_dat=fdb9b3d2
dout_0_rsc_dat=f6008554
din_0_rsc_dat=1b8824b6
dout_0_rsc_dat=2b757366
din_0_rsc_dat=64b32d95
dout_0_rsc_dat=998cc285
din_0_rsc_dat=f8f94f75
dout_0_rsc_dat=b64dd325
din_0_rsc_dat=3847130b
dout_0_rsc_dat=a893ed69
din_0_rsc_dat=89e66b22
dout_0_rsc_dat=e2e01ce8
din_0_rsc_dat=1352a6e
dout_0_rsc_dat=c8c7797a
din_0_rsc_dat=51984e4e
dout_0_rsc_dat=ca2c197b
din_0_rsc_dat=47f982b0
dout_0_rsc_dat=a8dbc8a0
din_0_rsc_dat=69dfc252
dout_0_rsc_dat=f66febc1
din_0_rsc_dat=2631de72
dout_0_rsc_dat=e49a1eb1
din_0_rsc_dat=914b29ad
dout_0_rsc_dat=db8eb1fe
din_0_rsc_dat=d3ae1ec8
dout_0_rsc_dat=9154fd0
din_0_rsc_dat=c978d3fd
dout_0_rsc_dat=64ce4b56
din_0_rsc_dat=4569341f
dout_0_rsc_dat=8684c5b8
din_0_rsc_dat=a9df2a74
dout_0_rsc_dat=fdb9b3d2
din_0_rsc_dat=6dbda14b
dout_0_rsc_dat=1b8824b6
din_0_rsc_dat=cf58544c
dout_0_rsc_dat=64b32d95
din_0_rsc_dat=58ef2edd
dout_0_rsc_dat=f8f94f75
din_0_rsc_dat=548d73d5
dout_0_rsc_dat=3847130b
din_0_rsc_dat=e53b8267
dout_0_rsc_dat=89e66b22
din_0_rsc_dat=c4deb0d0
dout_0_rsc_dat=1352a6e
din_0_rsc_dat=30c69e97
dout_0_rsc_dat=51984e4e
din_0_rsc_dat=87536fd1
dout_0_rsc_dat=47f982b0
din_0_rsc_dat=886ddf2d
dout_0_rsc_dat=69dfc252
din_0_rsc_dat=2a71774a
dout_0_rsc_dat=2631de72
din_0_rsc_dat=fa19380c
dout_0_rsc_dat=914b29ad
din_0_rsc_dat=c3adec23
dout_0_rsc_dat=d3ae1ec8
din_0_rsc_dat=23bf7f0e
dout_0_rsc_dat=c978d3fd
din_0_rsc_dat=2e011605
dout_0_rsc_dat=4569341f
din_0_rsc_dat=2116191a
dout_0_rsc_dat=a9df2a74
din_0_rsc_dat=bdf0df62
dout_0_rsc_dat=6dbda14b
din_0_rsc_dat=e5752409
dout_0_rsc_dat=cf58544c
din_0_rsc_dat=8be3759b
dout_0_rsc_dat=58ef2edd
din_0_rsc_dat=f249da5f
dout_0_rsc_dat=548d73d5
din_0_rsc_dat=2504b1bb
dout_0_rsc_dat=e53b8267
din_0_rsc_dat=bd146826
dout_0_rsc_dat=c4deb0d0
din_0_rsc_dat=56074391
dout_0_rsc_dat=30c69e97
din_0_rsc_dat=cc33d115
dout_0_rsc_dat=87536fd1
din_0_rsc_dat=ac6534ea
dout_0_rsc_dat=886ddf2d
din_0_rsc_dat=163e6efe
dout_0_rsc_dat=2a71774a
din_0_rsc_dat=92ff4c9c
dout_0_rsc_dat=fa19380c
din_0_rsc_dat=946c61e1
dout_0_rsc_dat=c3adec23
din_0_rsc_dat=e31d70b9
dout_0_rsc_dat=23bf7f0e
din_0_rsc_dat=d486ee06
dout_0_rsc_dat=2e011605
din_0_rsc_dat=df0faaab
dout_0_rsc_dat=2116191a
din_0_rsc_dat=691f7a37
dout_0_rsc_dat=bdf0df62
din_0_rsc_dat=2ff2366f
dout_0_rsc_dat=e5752409
din_0_rsc_dat=e9fcab08
dout_0_rsc_dat=8be3759b
din_0_rsc_dat=aa4af6cc
dout_0_rsc_dat=f249da5f
din_0_rsc_dat=2e52a502
dout_0_rsc_dat=2504b1bb
din_0_rsc_dat=dd99fb1c
dout_0_rsc_dat=bd146826
din_0_rsc_dat=c54354b3
dout_0_rsc_dat=56074391
din_0_rsc_dat=6355f520
dout_0_rsc_dat=cc33d115
din_0_rsc_dat=37e04687
dout_0_rsc_dat=ac6534ea
din_0_rsc_dat=2cbfa27b
dout_0_rsc_dat=163e6efe
din_0_rsc_dat=11e6a8ac
dout_0_rsc_dat=92ff4c9c
din_0_rsc_dat=fb9ac078
dout_0_rsc_dat=946c61e1
din_0_rsc_dat=7ef6070a
dout_0_rsc_dat=e31d70b9
din_0_rsc_dat=cd3125cd
dout_0_rsc_dat=d486ee06
din_0_rsc_dat=db8f4397
dout_0_rsc_dat=df0faaab
din_0_rsc_dat=873da631
dout_0_rsc_dat=691f7a37
din_0_rsc_dat=6c41f863
dout_0_rsc_dat=2ff2366f
din_0_rsc_dat=ff938349
dout_0_rsc_dat=e9fcab08
din_0_rsc_dat=25181bfd
dout_0_rsc_dat=aa4af6cc
din_0_rsc_dat=2962cb7d
dout_0_rsc_dat=2e52a502
din_0_rsc_dat=991b9078
dout_0_rsc_dat=dd99fb1c
din_0_rsc_dat=17bb3f70
dout_0_rsc_dat=c54354b3
din_0_rsc_dat=56b383b2
dout_0_rsc_dat=6355f520
din_0_rsc_dat=d0b21a80
dout_0_rsc_dat=37e04687
din_0_rsc_dat=bd921577
dout_0_rsc_dat=2cbfa27b
din_0_rsc_dat=f3954b32
dout_0_rsc_dat=11e6a8ac
din_0_rsc_dat=bd74c749
dout_0_rsc_dat=fb9ac078
din_0_rsc_dat=804fc1f5
dout_0_rsc_dat=7ef6070a
din_0_rsc_dat=4cab96ec
dout_0_rsc_dat=cd3125cd
din_0_rsc_dat=a7d4564b
dout_0_rsc_dat=db8f4397
din_0_rsc_dat=db3dcffa
dout_0_rsc_dat=873da631
din_0_rsc_dat=c83aad79
dout_0_rsc_dat=6c41f863
din_0_rsc_dat=838193d6
dout_0_rsc_dat=ff938349
din_0_rsc_dat=50c27d2e
dout_0_rsc_dat=25181bfd
din_0_rsc_dat=88443040
dout_0_rsc_dat=2962cb7d
din_0_rsc_dat=b24847d4
dout_0_rsc_dat=991b9078
din_0_rsc_dat=a6b0e803
dout_0_rsc_dat=17bb3f70
din_0_rsc_dat=c00c43d5
dout_0_rsc_dat=56b383b2
din_0_rsc_dat=d0d8a26f
dout_0_rsc_dat=d0b21a80
din_0_rsc_dat=1da047a6
dout_0_rsc_dat=bd921577
din_0_rsc_dat=fbe00699
dout_0_rsc_dat=f3954b32
din_0_rsc_dat=3f94e1db
dout_0_rsc_dat=bd74c749
din_0_rsc_dat=1fcd42bd
dout_0_rsc_dat=804fc1f5
din_0_rsc_dat=97b3d5e4
dout_0_rsc_dat=4cab96ec
din_0_rsc_dat=5e961e35
dout_0_rsc_dat=a7d4564b
din_0_rsc_dat=8d29fdfc
dout_0_rsc_dat=db3dcffa
din_0_rsc_dat=43afb2b5
dout_0_rsc_dat=c83aad79
din_0_rsc_dat=e4a1a85a
dout_0_rsc_dat=838193d6
din_0_rsc_dat=ba6a5ea8
dout_0_rsc_dat=50c27d2e
din_0_rsc_dat=6cea0086
dout_0_rsc_dat=88443040
din_0_rsc_dat=58be527
dout_0_rsc_dat=b24847d4
din_0_rsc_dat=5de97c21
dout_0_rsc_dat=a6b0e803
din_0_rsc_dat=1738ae4d
dout_0_rsc_dat=c00c43d5
din_0_rsc_dat=37d9cfce
dout_0_rsc_dat=d0d8a26f
din_0_rsc_dat=857a069b
dout_0_rsc_dat=1da047a6
din_0_rsc_dat=39153f56
dout_0_rsc_dat=fbe00699
din_0_rsc_dat=d2b38af9
dout_0_rsc_dat=3f94e1db
din_0_rsc_dat=e4597aef
dout_0_rsc_dat=1fcd42bd
din_0_rsc_dat=845a989a
dout_0_rsc_dat=97b3d5e4
din_0_rsc_dat=d9339c64
dout_0_rsc_dat=5e961e35
din_0_rsc_dat=4c828abc
dout_0_rsc_dat=8d29fdfc
din_0_rsc_dat=e027ebc7
dout_0_rsc_dat=43afb2b5
din_0_rsc_dat=90c8cd89
dout_0_rsc_dat=e4a1a85a
din_0_rsc_dat=ded7cea6
dout_0_rsc_dat=ba6a5ea8
din_0_rsc_dat=fe7ae505
dout_0_rsc_dat=6cea0086
din_0_rsc_dat=2b60bf13
dout_0_rsc_dat=58be527
din_0_rsc_dat=2a94ca73
dout_0_rsc_dat=5de97c21
din_0_rsc_dat=3f80641d
dout_0_rsc_dat=1738ae4d
din_0_rsc_dat=47974717
dout_0_rsc_dat=37d9cfce
din_0_rsc_dat=236acb8
dout_0_rsc_dat=857a069b
din_0_rsc_dat=c97dc1cf
dout_0_rsc_dat=39153f56
din_0_rsc_dat=925970c7
dout_0_rsc_dat=d2b38af9
din_0_rsc_dat=e1726a72
dout_0_rsc_dat=e4597aef
din_0_rsc_dat=9aa9cd81
dout_0_rsc_dat=845a989a
din_0_rsc_dat=9b6fde09
dout_0_rsc_dat=d9339c64
din_0_rsc_dat=3700d604
dout_0_rsc_dat=4c828abc
din_0_rsc_dat=14ffe198
dout_0_rsc_dat=e027ebc7
din_0_rsc_dat=ce72024
dout_0_rsc_dat=90c8cd89
din_0_rsc_dat=5d14fbd4
dout_0_rsc_dat=ded7cea6
din_0_rsc_dat=fb6b23ad
dout_0_rsc_dat=fe7ae505
din_0_rsc_dat=a8f2e311
dout_0_rsc_dat=2b60bf13
din_0_rsc_dat=8efc5eee
dout_0_rsc_dat=2a94ca73
din_0_rsc_dat=33fb5854
dout_0_rsc_dat=3f80641d
din_0_rsc_dat=1c3a94b1
dout_0_rsc_dat=47974717
din_0_rsc_dat=e3e89235
dout_0_rsc_dat=236acb8
din_0_rsc_dat=4ecc1c46
dout_0_rsc_dat=c97dc1cf
din_0_rsc_dat=74787de
dout_0_rsc_dat=925970c7
din_0_rsc_dat=7acf602
dout_0_rsc_dat=e1726a72
din_0_rsc_dat=eb456483
dout_0_rsc_dat=9aa9cd81
din_0_rsc_dat=f24e3eb9
dout_0_rsc_dat=9b6fde09
din_0_rsc_dat=c1fdff10
dout_0_rsc_dat=3700d604
din_0_rsc_dat=14b0034f
dout_0_rsc_dat=14ffe198
din_0_rsc_dat=d44394c6
dout_0_rsc_dat=ce72024
din_0_rsc_dat=9c67cdf7
dout_0_rsc_dat=5d14fbd4
din_0_rsc_dat=d09ceb23
dout_0_rsc_dat=fb6b23ad
din_0_rsc_dat=3a15a1c5
dout_0_rsc_dat=a8f2e311
din_0_rsc_dat=9b0c9c73
dout_0_rsc_dat=8efc5eee
din_0_rsc_dat=f1989c3e
dout_0_rsc_dat=33fb5854
din_0_rsc_dat=218efdd1
dout_0_rsc_dat=1c3a94b1
din_0_rsc_dat=2c0debf5
dout_0_rsc_dat=e3e89235
din_0_rsc_dat=fc9e7ff2
dout_0_rsc_dat=4ecc1c46
din_0_rsc_dat=e02e9c4f
dout_0_rsc_dat=74787de
din_0_rsc_dat=d6a04a52
dout_0_rsc_dat=7acf602
din_0_rsc_dat=24e241d7
dout_0_rsc_dat=eb456483
din_0_rsc_dat=323d1249
dout_0_rsc_dat=f24e3eb9
din_0_rsc_dat=95b11f20
dout_0_rsc_dat=c1fdff10
din_0_rsc_dat=1836dfd2
dout_0_rsc_dat=14b0034f
din_0_rsc_dat=273f3472
dout_0_rsc_dat=d44394c6
din_0_rsc_dat=1d8baeeb
dout_0_rsc_dat=9c67cdf7
din_0_rsc_dat=ad4a5b10
dout_0_rsc_dat=d09ceb23
din_0_rsc_dat=bc583ac
dout_0_rsc_dat=3a15a1c5
din_0_rsc_dat=c56a98b
dout_0_rsc_dat=9b0c9c73
din_0_rsc_dat=ad6d6610
dout_0_rsc_dat=f1989c3e
din_0_rsc_dat=13869fa1
dout_0_rsc_dat=218efdd1
din_0_rsc_dat=8007a4f5
dout_0_rsc_dat=2c0debf5
din_0_rsc_dat=bd2546a9
dout_0_rsc_dat=fc9e7ff2
din_0_rsc_dat=d89099ef
dout_0_rsc_dat=e02e9c4f
din_0_rsc_dat=5e0998cf
dout_0_rsc_dat=d6a04a52
din_0_rsc_dat=466ebc06
dout_0_rsc_dat=24e241d7
din_0_rsc_dat=77a18cf2
dout_0_rsc_dat=323d1249
din_0_rsc_dat=99d8f6bb
dout_0_rsc_dat=95b11f20
din_0_rsc_dat=4798cfc0
dout_0_rsc_dat=1836dfd2
din_0_rsc_dat=6d668875
dout_0_rsc_dat=273f3472
din_0_rsc_dat=4f1e0206
dout_0_rsc_dat=1d8baeeb
din_0_rsc_dat=c7ef6152
dout_0_rsc_dat=ad4a5b10
din_0_rsc_dat=cf7da8ae
dout_0_rsc_dat=bc583ac
din_0_rsc_dat=792b5952
dout_0_rsc_dat=c56a98b
din_0_rsc_dat=6c866bb2
dout_0_rsc_dat=ad6d6610
din_0_rsc_dat=799580a5
dout_0_rsc_dat=13869fa1
din_0_rsc_dat=fc71b2f6
dout_0_rsc_dat=8007a4f5
din_0_rsc_dat=d2503d32
dout_0_rsc_dat=bd2546a9
din_0_rsc_dat=c75bc258
dout_0_rsc_dat=d89099ef
din_0_rsc_dat=e655407f
dout_0_rsc_dat=5e0998cf
din_0_rsc_dat=f71a8e78
dout_0_rsc_dat=466ebc06
din_0_rsc_dat=2384ccc3
dout_0_rsc_dat=77a18cf2
din_0_rsc_dat=6a73a9af
dout_0_rsc_dat=99d8f6bb
din_0_rsc_dat=d6419d6b
dout_0_rsc_dat=4798cfc0
din_0_rsc_dat=8490f255
dout_0_rsc_dat=6d668875
din_0_rsc_dat=a7cc0eec
dout_0_rsc_dat=4f1e0206
din_0_rsc_dat=2b10d2e
dout_0_rsc_dat=c7ef6152
din_0_rsc_dat=db83ad70
dout_0_rsc_dat=cf7da8ae
din_0_rsc_dat=75bda894
dout_0_rsc_dat=792b5952
din_0_rsc_dat=9e8cd1a5
dout_0_rsc_dat=6c866bb2
din_0_rsc_dat=78e4fc07
dout_0_rsc_dat=799580a5
din_0_rsc_dat=138e7087
dout_0_rsc_dat=fc71b2f6
din_0_rsc_dat=ba5fff59
dout_0_rsc_dat=d2503d32
din_0_rsc_dat=118a9fc7
dout_0_rsc_dat=c75bc258
din_0_rsc_dat=d76577bd
dout_0_rsc_dat=e655407f
din_0_rsc_dat=425c6927
dout_0_rsc_dat=f71a8e78
din_0_rsc_dat=f88591e2
dout_0_rsc_dat=2384ccc3
din_0_rsc_dat=72528685
dout_0_rsc_dat=6a73a9af
din_0_rsc_dat=3f643984
dout_0_rsc_dat=d6419d6b
din_0_rsc_dat=923b5e5b
dout_0_rsc_dat=8490f255
din_0_rsc_dat=9fa72300
dout_0_rsc_dat=a7cc0eec
din_0_rsc_dat=4d6b256b
dout_0_rsc_dat=2b10d2e
din_0_rsc_dat=68d7e1d5
dout_0_rsc_dat=db83ad70
din_0_rsc_dat=ff3a214
dout_0_rsc_dat=75bda894
din_0_rsc_dat=e44006a6
dout_0_rsc_dat=9e8cd1a5
din_0_rsc_dat=20ef5190
dout_0_rsc_dat=78e4fc07
din_0_rsc_dat=cdd9a176
dout_0_rsc_dat=138e7087
din_0_rsc_dat=4e30ff28
dout_0_rsc_dat=ba5fff59
din_0_rsc_dat=d080db0a
dout_0_rsc_dat=118a9fc7
din_0_rsc_dat=72a25590
dout_0_rsc_dat=d76577bd
din_0_rsc_dat=63bc33fd
dout_0_rsc_dat=425c6927
din_0_rsc_dat=2f940bf0
dout_0_rsc_dat=f88591e2
din_0_rsc_dat=32a0000c
dout_0_rsc_dat=72528685
din_0_rsc_dat=995926b9
dout_0_rsc_dat=3f643984
din_0_rsc_dat=8ea3159c
dout_0_rsc_dat=923b5e5b
din_0_rsc_dat=6eeed77d
dout_0_rsc_dat=9fa72300
din_0_rsc_dat=4d04a4bc
dout_0_rsc_dat=4d6b256b
din_0_rsc_dat=cf26bbe6
dout_0_rsc_dat=68d7e1d5
din_0_rsc_dat=9fc2043d
dout_0_rsc_dat=ff3a214
din_0_rsc_dat=b63b1757
dout_0_rsc_dat=e44006a6
din_0_rsc_dat=73c9fe03
dout_0_rsc_dat=20ef5190
din_0_rsc_dat=858068f2
dout_0_rsc_dat=cdd9a176
din_0_rsc_dat=386cab92
dout_0_rsc_dat=4e30ff28
din_0_rsc_dat=35c0d569
dout_0_rsc_dat=d080db0a
din_0_rsc_dat=4c754e34
dout_0_rsc_dat=72a25590
din_0_rsc_dat=b3459996
dout_0_rsc_dat=63bc33fd
din_0_rsc_dat=31772cef
dout_0_rsc_dat=2f940bf0
din_0_rsc_dat=90ba828a
dout_0_rsc_dat=32a0000c
din_0_rsc_dat=919df718
dout_0_rsc_dat=995926b9
din_0_rsc_dat=b8e60098
dout_0_rsc_dat=8ea3159c
din_0_rsc_dat=e839347d
dout_0_rsc_dat=6eeed77d
din_0_rsc_dat=e0fbd7ed
dout_0_rsc_dat=4d04a4bc
din_0_rsc_dat=cf1d339b
dout_0_rsc_dat=cf26bbe6
din_0_rsc_dat=1f13e654
dout_0_rsc_dat=9fc2043d
din_0_rsc_dat=644b6f28
dout_0_rsc_dat=b63b1757
din_0_rsc_dat=54a3ed8f
dout_0_rsc_dat=73c9fe03
din_0_rsc_dat=fa9ab9f
dout_0_rsc_dat=858068f2
din_0_rsc_dat=43b760e9
dout_0_rsc_dat=386cab92
din_0_rsc_dat=70d9c0d0
dout_0_rsc_dat=35c0d569
din_0_rsc_dat=feb8436d
dout_0_rsc_dat=4c754e34
din_0_rsc_dat=d1d4560
dout_0_rsc_dat=b3459996
din_0_rsc_dat=74bd0abd
dout_0_rsc_dat=31772cef
din_0_rsc_dat=ba44d192
dout_0_rsc_dat=90ba828a
din_0_rsc_dat=f5656050
dout_0_rsc_dat=919df718
din_0_rsc_dat=e8cb4fb7
dout_0_rsc_dat=b8e60098
din_0_rsc_dat=a0765ca5
dout_0_rsc_dat=e839347d
din_0_rsc_dat=40887ea1
dout_0_rsc_dat=e0fbd7ed
din_0_rsc_dat=ce75b121
dout_0_rsc_dat=cf1d339b
din_0_rsc_dat=461a3ebf
dout_0_rsc_dat=1f13e654
din_0_rsc_dat=b6ea5649
dout_0_rsc_dat=644b6f28
din_0_rsc_dat=4f55e8ac
dout_0_rsc_dat=54a3ed8f
din_0_rsc_dat=c7dd78a4
dout_0_rsc_dat=fa9ab9f
din_0_rsc_dat=fd5a755e
dout_0_rsc_dat=43b760e9
din_0_rsc_dat=9bc98deb
dout_0_rsc_dat=70d9c0d0
din_0_rsc_dat=40fd8735
dout_0_rsc_dat=feb8436d
din_0_rsc_dat=ad79a699
dout_0_rsc_dat=d1d4560
din_0_rsc_dat=20d808f1
dout_0_rsc_dat=74bd0abd
din_0_rsc_dat=df136579
dout_0_rsc_dat=ba44d192
din_0_rsc_dat=8db65ac2
dout_0_rsc_dat=f5656050
din_0_rsc_dat=c6a966ac
dout_0_rsc_dat=e8cb4fb7
din_0_rsc_dat=1238f831
dout_0_rsc_dat=a0765ca5
din_0_rsc_dat=c45c802e
dout_0_rsc_dat=40887ea1
din_0_rsc_dat=4bd1fb49
dout_0_rsc_dat=ce75b121
din_0_rsc_dat=d43ddcd9
dout_0_rsc_dat=461a3ebf
din_0_rsc_dat=dfac6f1a
dout_0_rsc_dat=b6ea5649
din_0_rsc_dat=67742689
dout_0_rsc_dat=4f55e8ac
din_0_rsc_dat=55f771ff
dout_0_rsc_dat=c7dd78a4
din_0_rsc_dat=9ea72da2
dout_0_rsc_dat=fd5a755e
din_0_rsc_dat=1a3657ae
dout_0_rsc_dat=9bc98deb
din_0_rsc_dat=465aae98
dout_0_rsc_dat=40fd8735
din_0_rsc_dat=ad3f9e48
dout_0_rsc_dat=ad79a699
din_0_rsc_dat=88fd8540
dout_0_rsc_dat=20d808f1
din_0_rsc_dat=148d9721
dout_0_rsc_dat=df136579
din_0_rsc_dat=aa6f759b
dout_0_rsc_dat=8db65ac2
din_0_rsc_dat=4e43cdb7
dout_0_rsc_dat=c6a966ac
din_0_rsc_dat=980711bc
dout_0_rsc_dat=1238f831
din_0_rsc_dat=338cea88
dout_0_rsc_dat=c45c802e
din_0_rsc_dat=762445d
dout_0_rsc_dat=4bd1fb49
din_0_rsc_dat=39f26306
dout_0_rsc_dat=d43ddcd9
din_0_rsc_dat=53b8ae4b
dout_0_rsc_dat=dfac6f1a
din_0_rsc_dat=75934b85
dout_0_rsc_dat=67742689
din_0_rsc_dat=fcd70795
dout_0_rsc_dat=55f771ff
din_0_rsc_dat=18270e5a
dout_0_rsc_dat=9ea72da2
din_0_rsc_dat=59812661
dout_0_rsc_dat=1a3657ae
din_0_rsc_dat=cc40a392
dout_0_rsc_dat=465aae98
din_0_rsc_dat=ff19fb8e
dout_0_rsc_dat=ad3f9e48
din_0_rsc_dat=7a0da8ec
dout_0_rsc_dat=88fd8540
din_0_rsc_dat=a8aff1e4
dout_0_rsc_dat=148d9721
din_0_rsc_dat=3188fe09
dout_0_rsc_dat=aa6f759b
din_0_rsc_dat=1f2bc3b4
dout_0_rsc_dat=4e43cdb7
din_0_rsc_dat=582649ba
dout_0_rsc_dat=980711bc
din_0_rsc_dat=610db0d0
dout_0_rsc_dat=338cea88
din_0_rsc_dat=88ace509
dout_0_rsc_dat=762445d
din_0_rsc_dat=d0646841
dout_0_rsc_dat=39f26306
din_0_rsc_dat=86be2e8d
dout_0_rsc_dat=53b8ae4b
din_0_rsc_dat=cac031f8
dout_0_rsc_dat=75934b85
din_0_rsc_dat=68424d5d
dout_0_rsc_dat=fcd70795
din_0_rsc_dat=5687a424
dout_0_rsc_dat=18270e5a
din_0_rsc_dat=6f45e0d7
dout_0_rsc_dat=59812661
din_0_rsc_dat=a31a6f80
dout_0_rsc_dat=cc40a392
din_0_rsc_dat=6749f5fd
dout_0_rsc_dat=ff19fb8e
din_0_rsc_dat=7a33a7b8
dout_0_rsc_dat=7a0da8ec
din_0_rsc_dat=8d0f663d
dout_0_rsc_dat=a8aff1e4
din_0_rsc_dat=d9325d3b
dout_0_rsc_dat=3188fe09
din_0_rsc_dat=42b08be0
dout_0_rsc_dat=1f2bc3b4
din_0_rsc_dat=97784212
dout_0_rsc_dat=582649ba
din_0_rsc_dat=cd87ac61
dout_0_rsc_dat=610db0d0
din_0_rsc_dat=33c42a16
dout_0_rsc_dat=88ace509
din_0_rsc_dat=914935c
dout_0_rsc_dat=d0646841
din_0_rsc_dat=67dc06e1
dout_0_rsc_dat=86be2e8d
din_0_rsc_dat=416bfb1b
dout_0_rsc_dat=cac031f8
din_0_rsc_dat=d1c78abd
dout_0_rsc_dat=68424d5d
din_0_rsc_dat=4e12f445
dout_0_rsc_dat=5687a424
din_0_rsc_dat=30309cb5
dout_0_rsc_dat=6f45e0d7
din_0_rsc_dat=f5570919
dout_0_rsc_dat=a31a6f80
din_0_rsc_dat=49da47fb
dout_0_rsc_dat=6749f5fd
din_0_rsc_dat=51f056ce
dout_0_rsc_dat=7a33a7b8
din_0_rsc_dat=d8054109
dout_0_rsc_dat=8d0f663d
din_0_rsc_dat=4cbe12d7
dout_0_rsc_dat=d9325d3b
din_0_rsc_dat=5dc7c32e
dout_0_rsc_dat=42b08be0
din_0_rsc_dat=50f88db5
dout_0_rsc_dat=97784212
din_0_rsc_dat=8cbed752
dout_0_rsc_dat=cd87ac61
din_0_rsc_dat=6b596a65
dout_0_rsc_dat=33c42a16
din_0_rsc_dat=d8619c10
dout_0_rsc_dat=914935c
din_0_rsc_dat=6e4b26c7
dout_0_rsc_dat=67dc06e1
din_0_rsc_dat=70aa8cce
dout_0_rsc_dat=416bfb1b
din_0_rsc_dat=4e5059a7
dout_0_rsc_dat=d1c78abd
din_0_rsc_dat=16cbb169
dout_0_rsc_dat=4e12f445
din_0_rsc_dat=8d92f45
dout_0_rsc_dat=30309cb5
din_0_rsc_dat=1b671e6
dout_0_rsc_dat=f5570919
din_0_rsc_dat=94934585
dout_0_rsc_dat=49da47fb
din_0_rsc_dat=15202dfb
dout_0_rsc_dat=51f056ce
din_0_rsc_dat=a2f661a0
dout_0_rsc_dat=d8054109
din_0_rsc_dat=73cf8235
dout_0_rsc_dat=4cbe12d7
din_0_rsc_dat=250ef59f
dout_0_rsc_dat=5dc7c32e
din_0_rsc_dat=3efcd901
dout_0_rsc_dat=50f88db5
din_0_rsc_dat=763e6ee1
dout_0_rsc_dat=8cbed752
din_0_rsc_dat=30e667b
dout_0_rsc_dat=6b596a65
din_0_rsc_dat=6d2b2380
dout_0_rsc_dat=d8619c10
din_0_rsc_dat=e084e0a1
dout_0_rsc_dat=6e4b26c7
din_0_rsc_dat=4a285579
dout_0_rsc_dat=70aa8cce
din_0_rsc_dat=25180b21
dout_0_rsc_dat=4e5059a7
din_0_rsc_dat=f0ede32c
dout_0_rsc_dat=16cbb169
din_0_rsc_dat=c9bc1a8d
dout_0_rsc_dat=8d92f45
din_0_rsc_dat=381268a3
dout_0_rsc_dat=1b671e6
din_0_rsc_dat=4d378180
dout_0_rsc_dat=94934585
din_0_rsc_dat=31c9748f
dout_0_rsc_dat=15202dfb
din_0_rsc_dat=ee849579
dout_0_rsc_dat=a2f661a0
din_0_rsc_dat=de4c294c
dout_0_rsc_dat=73cf8235
din_0_rsc_dat=38e46c0e
dout_0_rsc_dat=250ef59f
din_0_rsc_dat=3a497d74
dout_0_rsc_dat=3efcd901
din_0_rsc_dat=82a4bf46
dout_0_rsc_dat=763e6ee1
din_0_rsc_dat=fb2a14ad
dout_0_rsc_dat=30e667b
din_0_rsc_dat=348a0f76
dout_0_rsc_dat=6d2b2380
din_0_rsc_dat=f42ea059
dout_0_rsc_dat=e084e0a1
din_0_rsc_dat=485c126a
dout_0_rsc_dat=4a285579
din_0_rsc_dat=c51934db
dout_0_rsc_dat=25180b21
din_0_rsc_dat=3c93de03
dout_0_rsc_dat=f0ede32c
din_0_rsc_dat=c36c168f
dout_0_rsc_dat=c9bc1a8d
din_0_rsc_dat=a74c3976
dout_0_rsc_dat=381268a3
din_0_rsc_dat=85043035
dout_0_rsc_dat=4d378180
din_0_rsc_dat=b25c4e16
dout_0_rsc_dat=31c9748f
din_0_rsc_dat=336ecc88
dout_0_rsc_dat=ee849579
din_0_rsc_dat=c6aa35f7
dout_0_rsc_dat=de4c294c
din_0_rsc_dat=358813d7
dout_0_rsc_dat=38e46c0e
din_0_rsc_dat=a7d8208d
dout_0_rsc_dat=3a497d74
din_0_rsc_dat=89f3fd69
dout_0_rsc_dat=82a4bf46
din_0_rsc_dat=272477bc
dout_0_rsc_dat=fb2a14ad
din_0_rsc_dat=f9cba4b9
dout_0_rsc_dat=348a0f76
din_0_rsc_dat=183129d6
dout_0_rsc_dat=f42ea059
din_0_rsc_dat=c089969a
dout_0_rsc_dat=485c126a
din_0_rsc_dat=ab96bdcf
dout_0_rsc_dat=c51934db
din_0_rsc_dat=3b4db1d1
dout_0_rsc_dat=3c93de03
din_0_rsc_dat=cbf4ab8b
dout_0_rsc_dat=c36c168f
din_0_rsc_dat=7eaeb446
dout_0_rsc_dat=a74c3976
din_0_rsc_dat=35966c48
dout_0_rsc_dat=85043035
din_0_rsc_dat=123077f0
dout_0_rsc_dat=b25c4e16
din_0_rsc_dat=340bf863
dout_0_rsc_dat=336ecc88
din_0_rsc_dat=ecf276dc
dout_0_rsc_dat=c6aa35f7
din_0_rsc_dat=d726c9e0
dout_0_rsc_dat=358813d7
din_0_rsc_dat=8ce49b54
dout_0_rsc_dat=a7d8208d
din_0_rsc_dat=e95766b
dout_0_rsc_dat=89f3fd69
din_0_rsc_dat=a89e1b0d
dout_0_rsc_dat=272477bc
din_0_rsc_dat=37250d9e
dout_0_rsc_dat=f9cba4b9
din_0_rsc_dat=d44eb9c5
dout_0_rsc_dat=183129d6
din_0_rsc_dat=cb0d8d2
dout_0_rsc_dat=c089969a
din_0_rsc_dat=e5bce274
dout_0_rsc_dat=ab96bdcf
din_0_rsc_dat=3f26900d
dout_0_rsc_dat=3b4db1d1
din_0_rsc_dat=ad3d6cf9
dout_0_rsc_dat=cbf4ab8b
din_0_rsc_dat=646bac6
dout_0_rsc_dat=7eaeb446
din_0_rsc_dat=3904c7a3
dout_0_rsc_dat=35966c48
din_0_rsc_dat=687c19d9
dout_0_rsc_dat=123077f0
din_0_rsc_dat=8b13bce4
dout_0_rsc_dat=340bf863
din_0_rsc_dat=a640dde8
dout_0_rsc_dat=ecf276dc
din_0_rsc_dat=69baa36b
dout_0_rsc_dat=d726c9e0
din_0_rsc_dat=a2f54abf
dout_0_rsc_dat=8ce49b54
din_0_rsc_dat=ecb7463a
dout_0_rsc_dat=e95766b
din_0_rsc_dat=31dc2fab
dout_0_rsc_dat=a89e1b0d
din_0_rsc_dat=9b92ddc2
dout_0_rsc_dat=37250d9e
din_0_rsc_dat=2dece526
dout_0_rsc_dat=d44eb9c5
din_0_rsc_dat=7f017a99
dout_0_rsc_dat=cb0d8d2
din_0_rsc_dat=a1471580
dout_0_rsc_dat=e5bce274
din_0_rsc_dat=9e9ae712
dout_0_rsc_dat=3f26900d
din_0_rsc_dat=ca87231
dout_0_rsc_dat=ad3d6cf9
din_0_rsc_dat=57ea868b
dout_0_rsc_dat=646bac6
din_0_rsc_dat=8e39ff7b
dout_0_rsc_dat=3904c7a3
din_0_rsc_dat=1ae219ff
dout_0_rsc_dat=687c19d9
din_0_rsc_dat=f9c19fc
dout_0_rsc_dat=8b13bce4
din_0_rsc_dat=85d9fabb
dout_0_rsc_dat=a640dde8
din_0_rsc_dat=95c48636
dout_0_rsc_dat=69baa36b
din_0_rsc_dat=372ea761
dout_0_rsc_dat=a2f54abf
din_0_rsc_dat=4a51bd4b
dout_0_rsc_dat=ecb7463a
din_0_rsc_dat=6116014d
dout_0_rsc_dat=31dc2fab
din_0_rsc_dat=3319b213
dout_0_rsc_dat=9b92ddc2
din_0_rsc_dat=3763fc31
dout_0_rsc_dat=2dece526
din_0_rsc_dat=70cde3be
dout_0_rsc_dat=7f017a99
din_0_rsc_dat=48880c15
dout_0_rsc_dat=a1471580
din_0_rsc_dat=241dca4a
dout_0_rsc_dat=9e9ae712
din_0_rsc_dat=97ef5a90
dout_0_rsc_dat=ca87231
din_0_rsc_dat=9798e6a6
dout_0_rsc_dat=57ea868b
din_0_rsc_dat=8e21468d
dout_0_rsc_dat=8e39ff7b
din_0_rsc_dat=baf1877a
dout_0_rsc_dat=1ae219ff
din_0_rsc_dat=a49e4b2d
dout_0_rsc_dat=f9c19fc
din_0_rsc_dat=c0b004be
dout_0_rsc_dat=85d9fabb
din_0_rsc_dat=cd59d12
dout_0_rsc_dat=95c48636
din_0_rsc_dat=81375778
dout_0_rsc_dat=372ea761
din_0_rsc_dat=6b6fc681
dout_0_rsc_dat=4a51bd4b
din_0_rsc_dat=76d61882
dout_0_rsc_dat=6116014d
din_0_rsc_dat=3f370aba
dout_0_rsc_dat=3319b213
din_0_rsc_dat=d715ce3e
dout_0_rsc_dat=3763fc31
din_0_rsc_dat=e33c05ea
dout_0_rsc_dat=70cde3be
din_0_rsc_dat=84343d3d
dout_0_rsc_dat=48880c15
din_0_rsc_dat=bc33eb24
dout_0_rsc_dat=241dca4a
din_0_rsc_dat=974f80
dout_0_rsc_dat=97ef5a90
din_0_rsc_dat=df2b2c4f
dout_0_rsc_dat=9798e6a6
din_0_rsc_dat=acabbd88
dout_0_rsc_dat=8e21468d
din_0_rsc_dat=bbe6c536
dout_0_rsc_dat=baf1877a
din_0_rsc_dat=a0609a79
dout_0_rsc_dat=a49e4b2d
din_0_rsc_dat=38746cb3
dout_0_rsc_dat=c0b004be
din_0_rsc_dat=ab07f3f0
dout_0_rsc_dat=cd59d12
din_0_rsc_dat=1a8b0f47
dout_0_rsc_dat=81375778
din_0_rsc_dat=2673bcc2
dout_0_rsc_dat=6b6fc681
din_0_rsc_dat=7efc77cf
dout_0_rsc_dat=76d61882
din_0_rsc_dat=84e220ec
dout_0_rsc_dat=3f370aba
din_0_rsc_dat=bad1f280
dout_0_rsc_dat=d715ce3e
din_0_rsc_dat=693d898c
dout_0_rsc_dat=e33c05ea
din_0_rsc_dat=6533b96c
dout_0_rsc_dat=84343d3d
din_0_rsc_dat=8bf7b7f0
dout_0_rsc_dat=bc33eb24
din_0_rsc_dat=44f752e1
dout_0_rsc_dat=974f80
din_0_rsc_dat=84642ba5
dout_0_rsc_dat=df2b2c4f
din_0_rsc_dat=e21a05a7
dout_0_rsc_dat=acabbd88
din_0_rsc_dat=f5ec8738
dout_0_rsc_dat=bbe6c536
din_0_rsc_dat=5ee912c2
dout_0_rsc_dat=a0609a79
din_0_rsc_dat=433e80c4
dout_0_rsc_dat=38746cb3
din_0_rsc_dat=4b317924
dout_0_rsc_dat=ab07f3f0
din_0_rsc_dat=519a57de
dout_0_rsc_dat=1a8b0f47
din_0_rsc_dat=e19d253b
dout_0_rsc_dat=2673bcc2
din_0_rsc_dat=f4a24055
dout_0_rsc_dat=7efc77cf
din_0_rsc_dat=fa3a156
dout_0_rsc_dat=84e220ec
din_0_rsc_dat=8b79516d
dout_0_rsc_dat=bad1f280
din_0_rsc_dat=aba47648
dout_0_rsc_dat=693d898c
din_0_rsc_dat=e62d3019
dout_0_rsc_dat=6533b96c
din_0_rsc_dat=3689cc0b
dout_0_rsc_dat=8bf7b7f0
din_0_rsc_dat=e9cad4c7
dout_0_rsc_dat=44f752e1
din_0_rsc_dat=bf820f3e
dout_0_rsc_dat=84642ba5
din_0_rsc_dat=bd40d1a
dout_0_rsc_dat=e21a05a7
din_0_rsc_dat=4d9db76
dout_0_rsc_dat=f5ec8738
din_0_rsc_dat=526fa670
dout_0_rsc_dat=5ee912c2
din_0_rsc_dat=4ea0005c
dout_0_rsc_dat=433e80c4
din_0_rsc_dat=a208780
dout_0_rsc_dat=4b317924
din_0_rsc_dat=9d93a7f8
dout_0_rsc_dat=519a57de
din_0_rsc_dat=23e1cad4
dout_0_rsc_dat=e19d253b
din_0_rsc_dat=6b9abc8c
dout_0_rsc_dat=f4a24055
din_0_rsc_dat=e6055d51
dout_0_rsc_dat=fa3a156
din_0_rsc_dat=e97f5425
dout_0_rsc_dat=8b79516d
din_0_rsc_dat=1ecad052
dout_0_rsc_dat=aba47648
din_0_rsc_dat=526e7c05
dout_0_rsc_dat=e62d3019
din_0_rsc_dat=6d0d5892
dout_0_rsc_dat=3689cc0b
din_0_rsc_dat=1f0cb1cb
dout_0_rsc_dat=e9cad4c7
din_0_rsc_dat=3801e4c
dout_0_rsc_dat=bf820f3e
din_0_rsc_dat=14865622
dout_0_rsc_dat=bd40d1a
din_0_rsc_dat=ae675c01
dout_0_rsc_dat=4d9db76
din_0_rsc_dat=6a09836f
dout_0_rsc_dat=526fa670
din_0_rsc_dat=ef14a73
dout_0_rsc_dat=4ea0005c
din_0_rsc_dat=77793a1b
dout_0_rsc_dat=a208780
din_0_rsc_dat=f588b510
dout_0_rsc_dat=9d93a7f8
din_0_rsc_dat=92c4a1b7
dout_0_rsc_dat=23e1cad4
din_0_rsc_dat=fa02cbcc
dout_0_rsc_dat=6b9abc8c
din_0_rsc_dat=9a2eafdb
dout_0_rsc_dat=e6055d51
din_0_rsc_dat=1a831986
dout_0_rsc_dat=e97f5425
din_0_rsc_dat=602bd459
dout_0_rsc_dat=1ecad052
din_0_rsc_dat=f8666513
dout_0_rsc_dat=526e7c05
din_0_rsc_dat=358d43ba
dout_0_rsc_dat=6d0d5892
din_0_rsc_dat=75d77c48
dout_0_rsc_dat=1f0cb1cb
din_0_rsc_dat=db8704a0
dout_0_rsc_dat=3801e4c
din_0_rsc_dat=d4704f7b
dout_0_rsc_dat=14865622
din_0_rsc_dat=677f3e38
dout_0_rsc_dat=ae675c01
din_0_rsc_dat=6e4a4962
dout_0_rsc_dat=6a09836f
din_0_rsc_dat=17b73d0d
dout_0_rsc_dat=ef14a73
din_0_rsc_dat=31c5c7bd
dout_0_rsc_dat=77793a1b
din_0_rsc_dat=28ff917a
dout_0_rsc_dat=f588b510
din_0_rsc_dat=84c5fb78
dout_0_rsc_dat=92c4a1b7
din_0_rsc_dat=f3590145
dout_0_rsc_dat=fa02cbcc
din_0_rsc_dat=3c8df9bc
dout_0_rsc_dat=9a2eafdb
din_0_rsc_dat=7d99cc81
dout_0_rsc_dat=1a831986
din_0_rsc_dat=76303f35
dout_0_rsc_dat=602bd459
din_0_rsc_dat=8a5281b2
dout_0_rsc_dat=f8666513
din_0_rsc_dat=867f2c0e
dout_0_rsc_dat=358d43ba
din_0_rsc_dat=e5c34e70
dout_0_rsc_dat=75d77c48
din_0_rsc_dat=f1fa3843
dout_0_rsc_dat=db8704a0
din_0_rsc_dat=42bf867a
dout_0_rsc_dat=d4704f7b
din_0_rsc_dat=c011fa79
dout_0_rsc_dat=677f3e38
din_0_rsc_dat=50ea5cde
dout_0_rsc_dat=6e4a4962
din_0_rsc_dat=f640679
dout_0_rsc_dat=17b73d0d
din_0_rsc_dat=db52c5f7
dout_0_rsc_dat=31c5c7bd
din_0_rsc_dat=8a30c361
dout_0_rsc_dat=28ff917a
din_0_rsc_dat=c56b26c2
dout_0_rsc_dat=84c5fb78
din_0_rsc_dat=d43ea62b
dout_0_rsc_dat=f3590145
din_0_rsc_dat=9ecb3c65
dout_0_rsc_dat=3c8df9bc
din_0_rsc_dat=b44760d7
dout_0_rsc_dat=7d99cc81
din_0_rsc_dat=61e98b96
dout_0_rsc_dat=76303f35
din_0_rsc_dat=ae3caf9e
dout_0_rsc_dat=8a5281b2
din_0_rsc_dat=3f578814
dout_0_rsc_dat=867f2c0e
din_0_rsc_dat=25a40da5
dout_0_rsc_dat=e5c34e70
din_0_rsc_dat=c58a1f61
dout_0_rsc_dat=f1fa3843
din_0_rsc_dat=4f3fd925
dout_0_rsc_dat=42bf867a
din_0_rsc_dat=cf5075e1
dout_0_rsc_dat=c011fa79
din_0_rsc_dat=f1d690c2
dout_0_rsc_dat=50ea5cde
din_0_rsc_dat=a5f283e3
dout_0_rsc_dat=f640679
din_0_rsc_dat=da3627e0
dout_0_rsc_dat=db52c5f7
din_0_rsc_dat=685fd3dd
dout_0_rsc_dat=8a30c361
din_0_rsc_dat=4c3ea2d2
dout_0_rsc_dat=c56b26c2
din_0_rsc_dat=c638ce4f
dout_0_rsc_dat=d43ea62b
din_0_rsc_dat=9a5e928f
dout_0_rsc_dat=9ecb3c65
din_0_rsc_dat=ea2b71e3
dout_0_rsc_dat=b44760d7
din_0_rsc_dat=c62c7c86
dout_0_rsc_dat=61e98b96
din_0_rsc_dat=e38d3ae7
dout_0_rsc_dat=ae3caf9e
din_0_rsc_dat=838dfc26
dout_0_rsc_dat=3f578814
din_0_rsc_dat=4849d72a
dout_0_rsc_dat=25a40da5
din_0_rsc_dat=f9f78288
dout_0_rsc_dat=c58a1f61
din_0_rsc_dat=b19281ea
dout_0_rsc_dat=4f3fd925
din_0_rsc_dat=cf1f88bf
dout_0_rsc_dat=cf5075e1
din_0_rsc_dat=d66f3e5d
dout_0_rsc_dat=f1d690c2
din_0_rsc_dat=da9b6033
dout_0_rsc_dat=a5f283e3
din_0_rsc_dat=8ad955ae
dout_0_rsc_dat=da3627e0
din_0_rsc_dat=c1d3853b
dout_0_rsc_dat=685fd3dd
din_0_rsc_dat=6a8d09c7
dout_0_rsc_dat=4c3ea2d2
din_0_rsc_dat=aef0c419
dout_0_rsc_dat=c638ce4f
din_0_rsc_dat=2567174
dout_0_rsc_dat=9a5e928f
din_0_rsc_dat=d568a96
dout_0_rsc_dat=ea2b71e3
din_0_rsc_dat=e8101552
dout_0_rsc_dat=c62c7c86
din_0_rsc_dat=2e31ae4
dout_0_rsc_dat=e38d3ae7
din_0_rsc_dat=66cd6892
dout_0_rsc_dat=838dfc26
din_0_rsc_dat=6eca6d5a
dout_0_rsc_dat=4849d72a
din_0_rsc_dat=ca628dbd
dout_0_rsc_dat=f9f78288
din_0_rsc_dat=adf65f
dout_0_rsc_dat=b19281ea
din_0_rsc_dat=2e214797
dout_0_rsc_dat=cf1f88bf
din_0_rsc_dat=df164e1e
dout_0_rsc_dat=d66f3e5d
din_0_rsc_dat=9c720c57
dout_0_rsc_dat=da9b6033
din_0_rsc_dat=5e1bb076
dout_0_rsc_dat=8ad955ae
din_0_rsc_dat=5e42d39
dout_0_rsc_dat=c1d3853b
din_0_rsc_dat=401cadb2
dout_0_rsc_dat=6a8d09c7
din_0_rsc_dat=adb4a2c8
dout_0_rsc_dat=aef0c419
din_0_rsc_dat=d0629ff1
dout_0_rsc_dat=2567174
din_0_rsc_dat=af2fbeb1
dout_0_rsc_dat=d568a96
din_0_rsc_dat=b4dd692a
dout_0_rsc_dat=e8101552
din_0_rsc_dat=9e2c675
dout_0_rsc_dat=2e31ae4
din_0_rsc_dat=37fc86a9
dout_0_rsc_dat=66cd6892
din_0_rsc_dat=146e5595
dout_0_rsc_dat=6eca6d5a
din_0_rsc_dat=7d4f27c4
dout_0_rsc_dat=ca628dbd
din_0_rsc_dat=9ba5aee6
dout_0_rsc_dat=adf65f
din_0_rsc_dat=7007d2df
dout_0_rsc_dat=2e214797
din_0_rsc_dat=5a2964be
dout_0_rsc_dat=df164e1e
din_0_rsc_dat=fa600956
dout_0_rsc_dat=9c720c57
din_0_rsc_dat=f63bbc89
dout_0_rsc_dat=5e1bb076
din_0_rsc_dat=1b9b169
dout_0_rsc_dat=5e42d39
din_0_rsc_dat=70190926
dout_0_rsc_dat=401cadb2
din_0_rsc_dat=1fb19c34
dout_0_rsc_dat=adb4a2c8
din_0_rsc_dat=23951907
dout_0_rsc_dat=d0629ff1
din_0_rsc_dat=b16f455f
dout_0_rsc_dat=af2fbeb1
din_0_rsc_dat=12940a46
dout_0_rsc_dat=b4dd692a
din_0_rsc_dat=d6447d5d
dout_0_rsc_dat=9e2c675
din_0_rsc_dat=d21739fd
dout_0_rsc_dat=37fc86a9
din_0_rsc_dat=26ba28cd
dout_0_rsc_dat=146e5595
din_0_rsc_dat=f483ebbe
dout_0_rsc_dat=7d4f27c4
din_0_rsc_dat=d45eff3d
dout_0_rsc_dat=9ba5aee6
din_0_rsc_dat=8d2208f7
dout_0_rsc_dat=7007d2df
din_0_rsc_dat=8eed2fc9
dout_0_rsc_dat=5a2964be
din_0_rsc_dat=b322bf6c
dout_0_rsc_dat=fa600956
din_0_rsc_dat=cf9e870e
dout_0_rsc_dat=f63bbc89
din_0_rsc_dat=5cbd8819
dout_0_rsc_dat=1b9b169
din_0_rsc_dat=69a9461b
dout_0_rsc_dat=70190926
din_0_rsc_dat=cdf4aa2a
dout_0_rsc_dat=1fb19c34
din_0_rsc_dat=f24f7491
dout_0_rsc_dat=23951907
din_0_rsc_dat=f7392178
dout_0_rsc_dat=b16f455f
din_0_rsc_dat=5f74b7
dout_0_rsc_dat=12940a46
din_0_rsc_dat=faf6fb26
dout_0_rsc_dat=d6447d5d
din_0_rsc_dat=571464cf
dout_0_rsc_dat=d21739fd
din_0_rsc_dat=bfb92153
dout_0_rsc_dat=26ba28cd
din_0_rsc_dat=dd258842
dout_0_rsc_dat=f483ebbe
din_0_rsc_dat=ce28c857
dout_0_rsc_dat=d45eff3d
din_0_rsc_dat=87b13d47
dout_0_rsc_dat=8d2208f7
din_0_rsc_dat=4329f8b9
dout_0_rsc_dat=8eed2fc9
din_0_rsc_dat=6a8359b6
dout_0_rsc_dat=b322bf6c
din_0_rsc_dat=f7484e12
dout_0_rsc_dat=cf9e870e
din_0_rsc_dat=8ec43ae9
dout_0_rsc_dat=5cbd8819
din_0_rsc_dat=c7e0e4ff
dout_0_rsc_dat=69a9461b
din_0_rsc_dat=33d7eeca
dout_0_rsc_dat=cdf4aa2a
din_0_rsc_dat=d55d989d
dout_0_rsc_dat=f24f7491
din_0_rsc_dat=5b370282
dout_0_rsc_dat=f7392178
din_0_rsc_dat=b0b41152
dout_0_rsc_dat=5f74b7
din_0_rsc_dat=8d9eb65d
dout_0_rsc_dat=faf6fb26
din_0_rsc_dat=c023cbd4
dout_0_rsc_dat=571464cf
din_0_rsc_dat=213ec893
dout_0_rsc_dat=bfb92153
din_0_rsc_dat=8177bc6b
dout_0_rsc_dat=dd258842
din_0_rsc_dat=866bc6d4
dout_0_rsc_dat=ce28c857
din_0_rsc_dat=7d92797
dout_0_rsc_dat=87b13d47
din_0_rsc_dat=9a0216ad
dout_0_rsc_dat=4329f8b9
din_0_rsc_dat=648e265a
dout_0_rsc_dat=6a8359b6
din_0_rsc_dat=c6c32397
dout_0_rsc_dat=f7484e12
din_0_rsc_dat=25d639d3
dout_0_rsc_dat=8ec43ae9
din_0_rsc_dat=c97a4c5a
dout_0_rsc_dat=c7e0e4ff
din_0_rsc_dat=35738238
dout_0_rsc_dat=33d7eeca
din_0_rsc_dat=ed5bf622
dout_0_rsc_dat=d55d989d
din_0_rsc_dat=c4b872ab
dout_0_rsc_dat=5b370282
din_0_rsc_dat=75a65820
dout_0_rsc_dat=b0b41152
din_0_rsc_dat=f3ba0c6b
dout_0_rsc_dat=8d9eb65d
din_0_rsc_dat=39230a7c
dout_0_rsc_dat=c023cbd4
din_0_rsc_dat=513cadce
dout_0_rsc_dat=213ec893
din_0_rsc_dat=c5e3d6ca
dout_0_rsc_dat=8177bc6b
din_0_rsc_dat=a18bc90a
dout_0_rsc_dat=866bc6d4
din_0_rsc_dat=32bf0842
dout_0_rsc_dat=7d92797
din_0_rsc_dat=a40f7b69
dout_0_rsc_dat=9a0216ad
din_0_rsc_dat=fc528b8b
dout_0_rsc_dat=648e265a
din_0_rsc_dat=9fa94e49
dout_0_rsc_dat=c6c32397
din_0_rsc_dat=5ea6da79
dout_0_rsc_dat=25d639d3
din_0_rsc_dat=c6d253fa
dout_0_rsc_dat=c97a4c5a
din_0_rsc_dat=417ceb58
dout_0_rsc_dat=35738238
din_0_rsc_dat=9cad623b
dout_0_rsc_dat=ed5bf622
din_0_rsc_dat=3300f486
dout_0_rsc_dat=c4b872ab
din_0_rsc_dat=cc1181cd
dout_0_rsc_dat=75a65820
din_0_rsc_dat=9c1f604d
dout_0_rsc_dat=f3ba0c6b
din_0_rsc_dat=a2160e93
dout_0_rsc_dat=39230a7c
din_0_rsc_dat=92487131
dout_0_rsc_dat=513cadce
din_0_rsc_dat=9cead567
dout_0_rsc_dat=c5e3d6ca
din_0_rsc_dat=20f10ef7
dout_0_rsc_dat=a18bc90a
din_0_rsc_dat=2cda3156
dout_0_rsc_dat=32bf0842
din_0_rsc_dat=d8dfd89f
dout_0_rsc_dat=a40f7b69
din_0_rsc_dat=87715323
dout_0_rsc_dat=fc528b8b
din_0_rsc_dat=b82c278c
dout_0_rsc_dat=9fa94e49
din_0_rsc_dat=cc94ab92
dout_0_rsc_dat=5ea6da79
din_0_rsc_dat=9eaf21e4
dout_0_rsc_dat=c6d253fa
din_0_rsc_dat=a97722ed
dout_0_rsc_dat=417ceb58
din_0_rsc_dat=a3526a79
dout_0_rsc_dat=9cad623b
din_0_rsc_dat=71fd869e
dout_0_rsc_dat=3300f486
din_0_rsc_dat=bbe86324
dout_0_rsc_dat=cc1181cd
din_0_rsc_dat=201141ff
dout_0_rsc_dat=9c1f604d
din_0_rsc_dat=74cda8dd
dout_0_rsc_dat=a2160e93
din_0_rsc_dat=bb5ed7cf
dout_0_rsc_dat=92487131
din_0_rsc_dat=9d871765
dout_0_rsc_dat=9cead567
din_0_rsc_dat=cbac1581
dout_0_rsc_dat=20f10ef7
din_0_rsc_dat=eb75c109
dout_0_rsc_dat=2cda3156
din_0_rsc_dat=b877091f
dout_0_rsc_dat=d8dfd89f
din_0_rsc_dat=726969b
dout_0_rsc_dat=87715323
din_0_rsc_dat=4d23ba1b
dout_0_rsc_dat=b82c278c
din_0_rsc_dat=7e34e602
dout_0_rsc_dat=cc94ab92
din_0_rsc_dat=8eea3451
dout_0_rsc_dat=9eaf21e4
din_0_rsc_dat=47d7e92a
dout_0_rsc_dat=a97722ed
din_0_rsc_dat=f45af7c5
dout_0_rsc_dat=a3526a79
din_0_rsc_dat=e20156bc
dout_0_rsc_dat=71fd869e
din_0_rsc_dat=784b02aa
dout_0_rsc_dat=bbe86324
din_0_rsc_dat=6dde0143
dout_0_rsc_dat=201141ff
din_0_rsc_dat=b3ed9a13
dout_0_rsc_dat=74cda8dd
din_0_rsc_dat=1fec0364
dout_0_rsc_dat=bb5ed7cf
din_0_rsc_dat=d93346a0
dout_0_rsc_dat=9d871765
din_0_rsc_dat=c3f155fa
dout_0_rsc_dat=cbac1581
din_0_rsc_dat=3b19e0c7
dout_0_rsc_dat=eb75c109
din_0_rsc_dat=9209ff2b
dout_0_rsc_dat=b877091f
din_0_rsc_dat=e2054693
dout_0_rsc_dat=726969b
din_0_rsc_dat=717c3753
dout_0_rsc_dat=4d23ba1b
din_0_rsc_dat=1f7e1134
dout_0_rsc_dat=7e34e602
din_0_rsc_dat=44efa874
dout_0_rsc_dat=8eea3451
din_0_rsc_dat=d6023351
dout_0_rsc_dat=47d7e92a
din_0_rsc_dat=df9ffb8b
dout_0_rsc_dat=f45af7c5
din_0_rsc_dat=34bbe149
dout_0_rsc_dat=e20156bc
din_0_rsc_dat=ed879fa6
dout_0_rsc_dat=784b02aa
din_0_rsc_dat=9fcbec63
dout_0_rsc_dat=6dde0143
din_0_rsc_dat=dd937490
dout_0_rsc_dat=b3ed9a13
din_0_rsc_dat=fe0c3a52
dout_0_rsc_dat=1fec0364
din_0_rsc_dat=feb81a5c
dout_0_rsc_dat=d93346a0
din_0_rsc_dat=44ee1292
dout_0_rsc_dat=c3f155fa
din_0_rsc_dat=46cd67d5
dout_0_rsc_dat=3b19e0c7
din_0_rsc_dat=8edd2a84
dout_0_rsc_dat=9209ff2b
din_0_rsc_dat=9fb739b7
dout_0_rsc_dat=e2054693
din_0_rsc_dat=7fbc7b3d
dout_0_rsc_dat=717c3753
din_0_rsc_dat=78dc66a9
dout_0_rsc_dat=1f7e1134
din_0_rsc_dat=be8b3dec
dout_0_rsc_dat=44efa874
din_0_rsc_dat=5a18518b
dout_0_rsc_dat=d6023351
din_0_rsc_dat=c342b4b4
dout_0_rsc_dat=df9ffb8b
din_0_rsc_dat=2e20354
dout_0_rsc_dat=34bbe149
din_0_rsc_dat=c9a93229
dout_0_rsc_dat=ed879fa6
din_0_rsc_dat=c31bf5c5
dout_0_rsc_dat=9fcbec63
din_0_rsc_dat=62923f72
dout_0_rsc_dat=dd937490
din_0_rsc_dat=8675773d
dout_0_rsc_dat=fe0c3a52
din_0_rsc_dat=d550fd4f
dout_0_rsc_dat=feb81a5c
din_0_rsc_dat=58de2b4d
dout_0_rsc_dat=44ee1292
din_0_rsc_dat=7438fc46
dout_0_rsc_dat=46cd67d5
din_0_rsc_dat=3b9832b1
dout_0_rsc_dat=8edd2a84
din_0_rsc_dat=ff1fef8a
dout_0_rsc_dat=9fb739b7
din_0_rsc_dat=52bdf96d
dout_0_rsc_dat=7fbc7b3d
din_0_rsc_dat=c726806e
dout_0_rsc_dat=78dc66a9
din_0_rsc_dat=c4d67dbf
dout_0_rsc_dat=be8b3dec
din_0_rsc_dat=a0d6c7f5
dout_0_rsc_dat=5a18518b
din_0_rsc_dat=6788e9cf
dout_0_rsc_dat=c342b4b4
din_0_rsc_dat=5801d081
dout_0_rsc_dat=2e20354
din_0_rsc_dat=fc13a8a6
dout_0_rsc_dat=c9a93229
din_0_rsc_dat=a20bdf91
dout_0_rsc_dat=c31bf5c5
din_0_rsc_dat=9908b3a1
dout_0_rsc_dat=62923f72
din_0_rsc_dat=7077c60
dout_0_rsc_dat=8675773d
din_0_rsc_dat=72d6c56
dout_0_rsc_dat=d550fd4f
din_0_rsc_dat=8106376a
dout_0_rsc_dat=58de2b4d
din_0_rsc_dat=cd010dee
dout_0_rsc_dat=7438fc46
din_0_rsc_dat=17cf649e
dout_0_rsc_dat=3b9832b1
din_0_rsc_dat=45918910
dout_0_rsc_dat=ff1fef8a
din_0_rsc_dat=9acdc03c
dout_0_rsc_dat=52bdf96d
din_0_rsc_dat=741af41c
dout_0_rsc_dat=c726806e
din_0_rsc_dat=614e8977
dout_0_rsc_dat=c4d67dbf
din_0_rsc_dat=8de69ba4
dout_0_rsc_dat=a0d6c7f5
din_0_rsc_dat=81c600b5
dout_0_rsc_dat=6788e9cf
din_0_rsc_dat=6e0ccbff
dout_0_rsc_dat=5801d081
din_0_rsc_dat=f98d00af
dout_0_rsc_dat=fc13a8a6
din_0_rsc_dat=2d0ab8e3
dout_0_rsc_dat=a20bdf91
din_0_rsc_dat=a8a6df0d
dout_0_rsc_dat=9908b3a1
din_0_rsc_dat=5f3d02a1
dout_0_rsc_dat=7077c60
din_0_rsc_dat=7f4b1b11
dout_0_rsc_dat=72d6c56
din_0_rsc_dat=86d13d85
dout_0_rsc_dat=8106376a
din_0_rsc_dat=6a505a5d
dout_0_rsc_dat=cd010dee
din_0_rsc_dat=3fd07d12
dout_0_rsc_dat=17cf649e
din_0_rsc_dat=5a26bbae
dout_0_rsc_dat=45918910
din_0_rsc_dat=ac26e833
dout_0_rsc_dat=9acdc03c
din_0_rsc_dat=a94f764a
dout_0_rsc_dat=741af41c
din_0_rsc_dat=379917c7
dout_0_rsc_dat=614e8977
din_0_rsc_dat=c796b844
dout_0_rsc_dat=8de69ba4
din_0_rsc_dat=5593d26b
dout_0_rsc_dat=81c600b5
din_0_rsc_dat=e50b7567
dout_0_rsc_dat=6e0ccbff
din_0_rsc_dat=39db15b5
dout_0_rsc_dat=f98d00af
din_0_rsc_dat=cb77bc86
dout_0_rsc_dat=2d0ab8e3
din_0_rsc_dat=af94f165
dout_0_rsc_dat=a8a6df0d
din_0_rsc_dat=89bb0156
dout_0_rsc_dat=5f3d02a1
din_0_rsc_dat=7a63d6a3
dout_0_rsc_dat=7f4b1b11
din_0_rsc_dat=212cdd72
dout_0_rsc_dat=86d13d85
din_0_rsc_dat=bbe50e7b
dout_0_rsc_dat=6a505a5d
din_0_rsc_dat=666692cc
dout_0_rsc_dat=3fd07d12
din_0_rsc_dat=3149bc0c
dout_0_rsc_dat=5a26bbae
din_0_rsc_dat=157d8145
dout_0_rsc_dat=ac26e833
din_0_rsc_dat=dce89bb9
dout_0_rsc_dat=a94f764a
din_0_rsc_dat=3fa7243f
dout_0_rsc_dat=379917c7
din_0_rsc_dat=e5e694ed
dout_0_rsc_dat=c796b844
din_0_rsc_dat=e37b3e
dout_0_rsc_dat=5593d26b
din_0_rsc_dat=11e50d15
dout_0_rsc_dat=e50b7567
din_0_rsc_dat=99b7026
dout_0_rsc_dat=39db15b5
din_0_rsc_dat=2937a3cf
dout_0_rsc_dat=cb77bc86
din_0_rsc_dat=814ad4bf
dout_0_rsc_dat=af94f165
din_0_rsc_dat=1ad7804b
dout_0_rsc_dat=89bb0156
din_0_rsc_dat=206b50b1
dout_0_rsc_dat=7a63d6a3
din_0_rsc_dat=1cc6a307
dout_0_rsc_dat=212cdd72
din_0_rsc_dat=c5b1c2fc
dout_0_rsc_dat=bbe50e7b
din_0_rsc_dat=eb33bea7
dout_0_rsc_dat=666692cc
din_0_rsc_dat=4f223279
dout_0_rsc_dat=3149bc0c
din_0_rsc_dat=19b6b34d
dout_0_rsc_dat=157d8145
din_0_rsc_dat=e3daa852
dout_0_rsc_dat=dce89bb9
din_0_rsc_dat=30fb72a2
dout_0_rsc_dat=3fa7243f
din_0_rsc_dat=6b551004
dout_0_rsc_dat=e5e694ed
din_0_rsc_dat=d2e77dfd
dout_0_rsc_dat=e37b3e
din_0_rsc_dat=12dea383
dout_0_rsc_dat=11e50d15
din_0_rsc_dat=3c25f65d
dout_0_rsc_dat=99b7026
din_0_rsc_dat=314f9292
dout_0_rsc_dat=2937a3cf
din_0_rsc_dat=fc81cae
dout_0_rsc_dat=814ad4bf
din_0_rsc_dat=a76b769
dout_0_rsc_dat=1ad7804b
din_0_rsc_dat=54eb9e4f
dout_0_rsc_dat=206b50b1
din_0_rsc_dat=d32b6df5
dout_0_rsc_dat=1cc6a307
din_0_rsc_dat=1db7a1
dout_0_rsc_dat=c5b1c2fc
din_0_rsc_dat=10d6bf04
dout_0_rsc_dat=eb33bea7
din_0_rsc_dat=80236318
dout_0_rsc_dat=4f223279
din_0_rsc_dat=84bf64cf
dout_0_rsc_dat=19b6b34d
din_0_rsc_dat=a15e1eb3
dout_0_rsc_dat=e3daa852
din_0_rsc_dat=483e52eb
dout_0_rsc_dat=30fb72a2
din_0_rsc_dat=bc49cfe6
dout_0_rsc_dat=6b551004
din_0_rsc_dat=c2cd2600
dout_0_rsc_dat=d2e77dfd
din_0_rsc_dat=808170d1
dout_0_rsc_dat=12dea383
din_0_rsc_dat=be105ee4
dout_0_rsc_dat=3c25f65d
din_0_rsc_dat=5d6314ef
dout_0_rsc_dat=314f9292
din_0_rsc_dat=beccb38d
dout_0_rsc_dat=fc81cae
din_0_rsc_dat=a1b49852
dout_0_rsc_dat=a76b769
din_0_rsc_dat=171c6033
dout_0_rsc_dat=54eb9e4f
din_0_rsc_dat=56d3fe60
dout_0_rsc_dat=d32b6df5
din_0_rsc_dat=d7ff6b56
dout_0_rsc_dat=1db7a1
din_0_rsc_dat=f78c92fc
dout_0_rsc_dat=10d6bf04
din_0_rsc_dat=73df3740
dout_0_rsc_dat=80236318
din_0_rsc_dat=9f42dea4
dout_0_rsc_dat=84bf64cf
din_0_rsc_dat=ae4c6ffa
dout_0_rsc_dat=a15e1eb3
din_0_rsc_dat=ba05d2e8
dout_0_rsc_dat=483e52eb
din_0_rsc_dat=2c5e452b
dout_0_rsc_dat=bc49cfe6
din_0_rsc_dat=5f05d301
dout_0_rsc_dat=c2cd2600
din_0_rsc_dat=c7e33d77
dout_0_rsc_dat=808170d1
din_0_rsc_dat=14057ef2
dout_0_rsc_dat=be105ee4
din_0_rsc_dat=15317c77
dout_0_rsc_dat=5d6314ef
din_0_rsc_dat=bf1cfcce
dout_0_rsc_dat=beccb38d
din_0_rsc_dat=b6afd2ba
dout_0_rsc_dat=a1b49852
din_0_rsc_dat=3dd47845
dout_0_rsc_dat=171c6033
din_0_rsc_dat=66cefa74
dout_0_rsc_dat=56d3fe60
din_0_rsc_dat=54cadd1b
dout_0_rsc_dat=d7ff6b56
din_0_rsc_dat=cc845ed1
dout_0_rsc_dat=f78c92fc
din_0_rsc_dat=d5429abd
dout_0_rsc_dat=73df3740
din_0_rsc_dat=ced9175a
dout_0_rsc_dat=9f42dea4
din_0_rsc_dat=9b8777ff
dout_0_rsc_dat=ae4c6ffa
din_0_rsc_dat=c7601122
dout_0_rsc_dat=ba05d2e8
din_0_rsc_dat=20b53244
dout_0_rsc_dat=2c5e452b
din_0_rsc_dat=fd29c62
dout_0_rsc_dat=5f05d301
din_0_rsc_dat=a71909bb
dout_0_rsc_dat=c7e33d77
din_0_rsc_dat=7a55217
dout_0_rsc_dat=14057ef2
din_0_rsc_dat=73f3fd01
dout_0_rsc_dat=15317c77
din_0_rsc_dat=35bb30df
dout_0_rsc_dat=bf1cfcce
din_0_rsc_dat=9be409b1
dout_0_rsc_dat=b6afd2ba
din_0_rsc_dat=4aa56c45
dout_0_rsc_dat=3dd47845
din_0_rsc_dat=df613578
dout_0_rsc_dat=66cefa74
din_0_rsc_dat=40abc6bb
dout_0_rsc_dat=54cadd1b
din_0_rsc_dat=76c0f6a9
dout_0_rsc_dat=cc845ed1
din_0_rsc_dat=4c9c6928
dout_0_rsc_dat=d5429abd
din_0_rsc_dat=a83df6cf
dout_0_rsc_dat=ced9175a
din_0_rsc_dat=b427e201
dout_0_rsc_dat=9b8777ff
din_0_rsc_dat=82c9ac6f
dout_0_rsc_dat=c7601122
din_0_rsc_dat=246df73d
dout_0_rsc_dat=20b53244
din_0_rsc_dat=b9f8d00d
dout_0_rsc_dat=fd29c62
din_0_rsc_dat=8a0fe2c1
dout_0_rsc_dat=a71909bb
din_0_rsc_dat=6ca88496
dout_0_rsc_dat=7a55217
din_0_rsc_dat=f8abd0c8
dout_0_rsc_dat=73f3fd01
din_0_rsc_dat=7aa4583a
dout_0_rsc_dat=35bb30df
din_0_rsc_dat=1eb2e740
dout_0_rsc_dat=9be409b1
din_0_rsc_dat=6993f63
dout_0_rsc_dat=4aa56c45
din_0_rsc_dat=397d1117
dout_0_rsc_dat=df613578
din_0_rsc_dat=e8e8337c
dout_0_rsc_dat=40abc6bb
din_0_rsc_dat=eca3c757
dout_0_rsc_dat=76c0f6a9
din_0_rsc_dat=f69f50c8
dout_0_rsc_dat=4c9c6928
din_0_rsc_dat=129924c3
dout_0_rsc_dat=a83df6cf
din_0_rsc_dat=ff3f70ca
dout_0_rsc_dat=b427e201
din_0_rsc_dat=dbbdcd3f
dout_0_rsc_dat=82c9ac6f
din_0_rsc_dat=9c5dd336
dout_0_rsc_dat=246df73d
din_0_rsc_dat=e07404b1
dout_0_rsc_dat=b9f8d00d
din_0_rsc_dat=126505ad
dout_0_rsc_dat=8a0fe2c1
din_0_rsc_dat=fa422940
dout_0_rsc_dat=6ca88496
din_0_rsc_dat=eadff71a
dout_0_rsc_dat=f8abd0c8
din_0_rsc_dat=52a91e7
dout_0_rsc_dat=7aa4583a
din_0_rsc_dat=1c0af395
dout_0_rsc_dat=1eb2e740
din_0_rsc_dat=bebd0a2b
dout_0_rsc_dat=6993f63
din_0_rsc_dat=7e6d00a
dout_0_rsc_dat=397d1117
din_0_rsc_dat=6c7c155c
dout_0_rsc_dat=e8e8337c
din_0_rsc_dat=5c3c87a1
dout_0_rsc_dat=eca3c757
din_0_rsc_dat=c2e20559
dout_0_rsc_dat=f69f50c8
din_0_rsc_dat=b9b983
dout_0_rsc_dat=129924c3
din_0_rsc_dat=ae2b1a9d
dout_0_rsc_dat=ff3f70ca
din_0_rsc_dat=33a8699
dout_0_rsc_dat=dbbdcd3f
din_0_rsc_dat=d8f15741
dout_0_rsc_dat=9c5dd336
din_0_rsc_dat=d2ddbc3e
dout_0_rsc_dat=e07404b1
din_0_rsc_dat=466beec3
dout_0_rsc_dat=126505ad
din_0_rsc_dat=cefb95b6
dout_0_rsc_dat=fa422940
din_0_rsc_dat=9fe2947e
dout_0_rsc_dat=eadff71a
din_0_rsc_dat=fb6541e4
dout_0_rsc_dat=52a91e7
din_0_rsc_dat=9bcf0be7
dout_0_rsc_dat=1c0af395
din_0_rsc_dat=460d46a1
dout_0_rsc_dat=bebd0a2b
din_0_rsc_dat=185b3286
dout_0_rsc_dat=7e6d00a
din_0_rsc_dat=b8395d26
dout_0_rsc_dat=6c7c155c
din_0_rsc_dat=3fc7ddc4
dout_0_rsc_dat=5c3c87a1
din_0_rsc_dat=1a44333a
dout_0_rsc_dat=c2e20559
din_0_rsc_dat=7992cbcd
dout_0_rsc_dat=b9b983
din_0_rsc_dat=a0b0b0d7
dout_0_rsc_dat=ae2b1a9d
din_0_rsc_dat=2bd56de4
dout_0_rsc_dat=33a8699
din_0_rsc_dat=dc9517fa
dout_0_rsc_dat=d8f15741
din_0_rsc_dat=5bbba75e
dout_0_rsc_dat=d2ddbc3e
din_0_rsc_dat=2208d397
dout_0_rsc_dat=466beec3
din_0_rsc_dat=4c6f6250
dout_0_rsc_dat=cefb95b6
din_0_rsc_dat=ec93a7cc
dout_0_rsc_dat=9fe2947e
din_0_rsc_dat=dc175f39
dout_0_rsc_dat=fb6541e4
din_0_rsc_dat=d7b06acf
dout_0_rsc_dat=9bcf0be7
din_0_rsc_dat=cc8dd186
dout_0_rsc_dat=460d46a1
din_0_rsc_dat=3af39491
dout_0_rsc_dat=185b3286
din_0_rsc_dat=d5940e51
dout_0_rsc_dat=b8395d26
din_0_rsc_dat=443f026e
dout_0_rsc_dat=3fc7ddc4
din_0_rsc_dat=be5c2d9e
dout_0_rsc_dat=1a44333a
din_0_rsc_dat=3cf1ac66
dout_0_rsc_dat=7992cbcd
din_0_rsc_dat=9f6c69bb
dout_0_rsc_dat=a0b0b0d7
din_0_rsc_dat=b59dc52e
dout_0_rsc_dat=2bd56de4
din_0_rsc_dat=3b279d4f
dout_0_rsc_dat=dc9517fa
din_0_rsc_dat=e0a2f3b3
dout_0_rsc_dat=5bbba75e
din_0_rsc_dat=8096eb99
dout_0_rsc_dat=2208d397
din_0_rsc_dat=536540d
dout_0_rsc_dat=4c6f6250
din_0_rsc_dat=e4c2e0dd
dout_0_rsc_dat=ec93a7cc
din_0_rsc_dat=38d1bdab
dout_0_rsc_dat=dc175f39
din_0_rsc_dat=e1030ba7
dout_0_rsc_dat=d7b06acf
din_0_rsc_dat=0
dout_0_rsc_dat=cc8dd186
dout_0_rsc_dat=3af39491
dout_0_rsc_dat=d5940e51
dout_0_rsc_dat=443f026e
dout_0_rsc_dat=be5c2d9e
dout_0_rsc_dat=3cf1ac66
dout_0_rsc_dat=9f6c69bb
dout_0_rsc_dat=b59dc52e
dout_0_rsc_dat=3b279d4f
dout_0_rsc_dat=e0a2f3b3
dout_0_rsc_dat=8096eb99
dout_0_rsc_dat=536540d
dout_0_rsc_dat=e4c2e0dd
dout_0_rsc_dat=38d1bdab
dout_0_rsc_dat=e1030ba7
dout_0_rsc_dat=0
Cycles=c349
